Using pre-set license
Built from '2021.1/staging' branch; Version is '2021.1.7f1 (d91830b65d9b) revision 14227504'; Using compiler version '192528614'; Build Type 'Release'
OS: 'Windows 10 Pro; OS build 19043.1466; Version 2009; 64bit' Language: 'en' Physical Memory: 32593 MB
BatchMode: 1, IsHumanControllingUs: 0, StartBugReporterOnCrash: 0, Is64bit: 1, IsPro: 0

 COMMAND LINE ARGUMENTS:
C:\Program Files\Unity\Hub\Editor\2021.1.7f1\Editor\Unity.exe
-adb2
-batchMode
-noUpm
-name
AssetImportWorker0
-projectPath
C:/Users/Evan/Desktop/GDD/2DTutorialBase/Project1
-logFile
Logs/AssetImportWorker0.log
-srvPort
55401
Successfully changed project path to: C:/Users/Evan/Desktop/GDD/2DTutorialBase/Project1
C:/Users/Evan/Desktop/GDD/2DTutorialBase/Project1
Using Asset Import Pipeline V2.
Refreshing native plugins compatible for Editor in 41.66 ms, found 0 plugins.
Preloading 0 native plugins for Editor in 0.00 ms.
Initialize engine version: 2021.1.7f1 (d91830b65d9b)
[Subsystems] Discovering subsystems at path C:/Program Files/Unity/Hub/Editor/2021.1.7f1/Editor/Data/Resources/UnitySubsystems
[Subsystems] Discovering subsystems at path C:/Users/Evan/Desktop/GDD/2DTutorialBase/Project1/Assets
GfxDevice: creating device client; threaded=0; jobified=0
Direct3D:
    Version:  Direct3D 11.0 [level 11.1]
    Renderer: NVIDIA GeForce RTX 3070 (ID=0x2484)
    Vendor:   NVIDIA
    VRAM:     8043 MB
    Driver:   30.0.14.7111
Initialize mono
Mono path[0] = 'C:/Program Files/Unity/Hub/Editor/2021.1.7f1/Editor/Data/Managed'
Mono path[1] = 'C:/Program Files/Unity/Hub/Editor/2021.1.7f1/Editor/Data/MonoBleedingEdge/lib/mono/unityjit'
Mono config path = 'C:/Program Files/Unity/Hub/Editor/2021.1.7f1/Editor/Data/MonoBleedingEdge/etc'
Using monoOptions --debugger-agent=transport=dt_socket,embedding=1,server=y,suspend=n,address=127.0.0.1:56164
Begin MonoManager ReloadAssembly
Registering precompiled unity dll's ...
Register platform support module: C:/Program Files/Unity/Hub/Editor/2021.1.7f1/Editor/Data/PlaybackEngines/WindowsStandaloneSupport/UnityEditor.WindowsStandalone.Extensions.dll
Registered in 0.001677 seconds.
Native extension for WindowsStandalone target not found
Refreshing native plugins compatible for Editor in 34.84 ms, found 0 plugins.
Preloading 0 native plugins for Editor in 0.00 ms.
Mono: successfully reloaded assembly
- Completed reload, in  0.883 seconds
Platform modules already initialized, skipping
Registering precompiled user dll's ...
Registered in 0.003762 seconds.
Begin MonoManager ReloadAssembly
Native extension for WindowsStandalone target not found
Refreshing native plugins compatible for Editor in 0.50 ms, found 0 plugins.
Preloading 0 native plugins for Editor in 0.00 ms.
Mono: successfully reloaded assembly
- Completed reload, in  0.831 seconds
Platform modules already initialized, skipping
========================================================================
Worker process is ready to serve import requests
Launched and connected shader compiler UnityShaderCompiler.exe after 0.05 seconds
Refreshing native plugins compatible for Editor in 0.49 ms, found 0 plugins.
Preloading 0 native plugins for Editor in 0.00 ms.
Unloading 1971 Unused Serialized files (Serialized files now loaded: 0)
System memory in use before: 83.7 MB.
System memory in use after: 83.8 MB.

Unloading 54 unused Assets to reduce memory usage. Loaded Objects now: 2395.
Total: 4.163400 ms (FindLiveObjects: 0.168500 ms CreateObjectMapping: 0.075400 ms MarkObjects: 3.857300 ms  DeleteObjects: 0.061000 ms)

========================================================================
Received Import Request.
  path: Assets/Updates/project 1 sprites-20200709T232451Z-001/project 1 sprites/water c.png
  artifactKey: Guid(4201b3a63de04444daa6891a2f3e9a2f) Importer(815301076,1909f56bfc062723c751e8b465ee728b)
Start importing Assets/Updates/project 1 sprites-20200709T232451Z-001/project 1 sprites/water c.png using Guid(4201b3a63de04444daa6891a2f3e9a2f) Importer(815301076,1909f56bfc062723c751e8b465ee728b)  -> (artifact id: 'ffc17fe7b60b29fa635da88d52d13b27') in 0.092314 seconds 
========================================================================
Received Import Request.
  Time since last request: 0.000162 seconds.
  path: Assets/Updates/project 1 sprites-20200709T232451Z-001/project 1 sprites/Project 1 Character sword.png
  artifactKey: Guid(034b920e23bade54cb0fd64e3586612d) Importer(815301076,1909f56bfc062723c751e8b465ee728b)
Start importing Assets/Updates/project 1 sprites-20200709T232451Z-001/project 1 sprites/Project 1 Character sword.png using Guid(034b920e23bade54cb0fd64e3586612d) Importer(815301076,1909f56bfc062723c751e8b465ee728b)  -> (artifact id: 'a6c408a36c7c8b51e5d086989f6c4a2f') in 0.021018 seconds 
AssetImportWorkerClient::OnTransportError - code=2 error=End of file
